<?xml version="1.0" encoding="UTF-8"?>
<!-- Generated by org.testng.reporters.JUnitReportReporter -->
<testsuite hostname="DESKTOP-D3CS3KP" failures="0" tests="1" name="bingTest.SampleBingTest" time="5.726" errors="0" timestamp="06 Oct 2024 12:20:51 GMT" skipped="0">
  <testcase classname="bingTest.SampleBingTest" name="validateBing" time="5.726"/>
</testsuite> <!-- bingTest.SampleBingTest -->
